Build started 16.12.2016 13:58:54.
     1>Project "C:\Users\Claudiu\Desktop\TinyRay\TinyRay\TinyRay.vcxproj" on node 2 (Build target(s)).
     1>ClCompile:
         C:\Program Files (x86)\Microsoft Visual Studio 14.0\VC\bin\CL.exe /c /Zi /nologo /W3 /WX- /sdl /O2 /Oi /Oy- /GL /D WIN32 /D NDEBUG /D _WINDOWS /D _UNICODE /D UNICODE /Gm- /EHsc /MD /GS /Gy /fp:precise /Zc:wchar_t /Zc:forScope /Zc:inline /Fo"Release\\" /Fd"Release\vc140.pdb" /Gd /TP /analyze- /errorReport:prompt RayTracer.cpp
         RayTracer.cpp
     1>c:\users\claudiu\desktop\tinyray\tinyray\Material.h(47): warning C4244: 'initializing': conversion from 'double' to 'int', possible loss of data
     1>c:\users\claudiu\desktop\tinyray\tinyray\Material.h(48): warning C4244: 'initializing': conversion from 'double' to 'int', possible loss of data
     1>RayTracer.cpp(33): warning C4244: '=': conversion from 'double' to 'int', possible loss of data
     1>RayTracer.cpp(81): warning C4244: '=': conversion from 'double' to 'float', possible loss of data
     1>RayTracer.cpp(83): warning C4244: '=': conversion from 'double' to 'float', possible loss of data
     1>RayTracer.cpp(85): warning C4244: '=': conversion from 'double' to 'float', possible loss of data
     1>RayTracer.cpp(103): warning C4244: '=': conversion from 'double' to 'float', possible loss of data
     1>RayTracer.cpp(105): warning C4244: '=': conversion from 'double' to 'float', possible loss of data
     1>RayTracer.cpp(107): warning C4244: '=': conversion from 'double' to 'float', possible loss of data
     1>RayTracer.cpp(162): warning C4244: 'argument': conversion from 'const double' to 'float', possible loss of data
     1>RayTracer.cpp(194): warning C4244: 'argument': conversion from 'const double' to 'float', possible loss of data
     1>RayTracer.cpp(194): warning C4244: 'argument': conversion from 'double' to 'float', possible loss of data
     1>RayTracer.cpp(200): warning C4305: 'argument': truncation from 'double' to 'float'
     1>RayTracer.cpp(214): warning C4244: 'argument': conversion from 'const double' to 'float', possible loss of data
     1>RayTracer.cpp(226): warning C4305: 'argument': truncation from 'double' to 'float'
     1>RayTracer.cpp(247): warning C4244: 'initializing': conversion from 'double' to 'int', possible loss of data
     1>RayTracer.cpp(248): warning C4244: 'initializing': conversion from 'double' to 'int', possible loss of data
     1>RayTracer.cpp(249): warning C4244: 'initializing': conversion from 'double' to 'int', possible loss of data
     1>RayTracer.cpp(253): warning C4305: 'argument': truncation from 'double' to 'float'
     1>RayTracer.cpp(303): warning C4244: 'argument': conversion from 'double' to 'float', possible loss of data
       Link:
         C:\Program Files (x86)\Microsoft Visual Studio 14.0\VC\bin\link.exe /ERRORREPORT:PROMPT /OUT:"C:\Users\Claudiu\Desktop\TinyRay\Release\TinyRay.exe" /INCREMENTAL:NO /NOLOGO kernel32.lib user32.lib gdi32.lib winspool.lib comdlg32.lib advapi32.lib shell32.lib ole32.lib oleaut32.lib uuid.lib odbc32.lib odbccp32.lib /MANIFEST /MANIFESTUAC:"level='asInvoker' uiAccess='false'" /manifest:embed /Debug /PDB:"C:\Users\Claudiu\Desktop\TinyRay\Release\TinyRay.pdb" /SUBSYSTEM:WINDOWS /OPT:REF /OPT:ICF /LTCG:incremental /TLBID:1 /DYNAMICBASE /NXCOMPAT /IMPLIB:"C:\Users\Claudiu\Desktop\TinyRay\Release\TinyRay.lib" /MACHINE:X86 /SAFESEH Release\TinyRay.res
         Release\Box.obj
         Release\Camera.obj
         Release\Framebuffer.obj
         Release\Light.obj
         Release\Material.obj
         Release\TestApplication.obj
         Release\AppWindow.obj
         Release\Plane.obj
         Release\Ray.obj
         Release\RayTracer.obj
         Release\Scene.obj
         Release\Sphere.obj
         Release\TinyRayMain.obj
         Release\Triangle.obj
         Release\Vector3.obj
         Generating code
         1 of 414 functions ( 0.2%) were compiled, the rest were copied from previous compilation.
           0 functions were new in current compilation
           1 functions had inline decision re-evaluated but remain unchanged
         Finished generating code
         TinyRay.vcxproj -> C:\Users\Claudiu\Desktop\TinyRay\Release\TinyRay.exe
     1>Done Building Project "C:\Users\Claudiu\Desktop\TinyRay\TinyRay\TinyRay.vcxproj" (Build target(s)).

Build succeeded.

Time Elapsed 00:00:01.74
